[03:38:27] [main/INFO]: Loading Minecraft 1.20.1 with Fabric Loader 0.16.3
[03:38:27] [main/INFO]: Loading 4 mods:
	- fabricloader 0.16.3
	   \-- mixinextras 0.4.1
	- java 17
	- minecraft 1.20.1
[03:38:27] [main/INFO]: SpongePowered MIXIN Subsystem Version=0.8.7 Source=file:/workspaces/THEAFRICANBOYS/servidor_minecraft/libraries/net/fabricmc/sponge-mixin/0.15.2+mixin.0.8.7/sponge-mixin-0.15.2+mixin.0.8.7.jar Service=Knot/Fabric Env=SERVER
[03:38:32] [main/INFO]: Environment: authHost='https://authserver.mojang.com', accountsHost='https://api.mojang.com', sessionHost='https://sessionserver.mojang.com', servicesHost='https://api.minecraftservices.com', name='PROD'
[03:38:33] [main/INFO]: Loaded 7 recipes
[03:38:33] [main/INFO]: Loaded 1271 advancements
[03:38:34] [Server thread/INFO]: Starting minecraft server version 1.20.1
[03:38:34] [Server thread/INFO]: Loading properties
[03:38:34] [Server thread/INFO]: Default game type: SURVIVAL
[03:38:34] [Server thread/INFO]: Generating keypair
[03:38:34] [Server thread/INFO]: Starting Minecraft server on *:25565
[03:38:34] [Server thread/INFO]: Using epoll channel type
[03:38:34] [Server thread/WARN]: **** SERVER IS RUNNING IN OFFLINE/INSECURE MODE!
[03:38:34] [Server thread/WARN]: The server will make no attempt to authenticate usernames. Beware.
[03:38:34] [Server thread/WARN]: While this makes the game possible to play without internet access, it also opens up the ability for hackers to connect with any username they choose.
[03:38:34] [Server thread/WARN]: To change this, set "online-mode" to "true" in the server.properties file.
[03:38:34] [Server thread/INFO]: Preparing level "world"
[03:38:40] [Server thread/INFO]: Preparing start region for dimension minecraft:overworld
[03:38:41] [Worker-Main-3/INFO]: Preparing spawn area: 0%
[03:38:41] [Worker-Main-3/INFO]: Preparing spawn area: 0%
[03:38:41] [Worker-Main-1/INFO]: Preparing spawn area: 0%
[03:38:42] [Worker-Main-1/INFO]: Preparing spawn area: 0%
[03:38:42] [Worker-Main-1/INFO]: Preparing spawn area: 1%
[03:38:43] [Worker-Main-2/INFO]: Preparing spawn area: 1%
[03:38:43] [Worker-Main-2/INFO]: Preparing spawn area: 2%
[03:38:44] [Worker-Main-2/INFO]: Preparing spawn area: 2%
[03:38:44] [Worker-Main-3/INFO]: Preparing spawn area: 3%
[03:38:45] [Worker-Main-3/INFO]: Preparing spawn area: 4%
[03:38:45] [Worker-Main-2/INFO]: Preparing spawn area: 5%
[03:38:46] [Worker-Main-3/INFO]: Preparing spawn area: 6%
[03:38:46] [Worker-Main-2/INFO]: Preparing spawn area: 8%
[03:38:47] [Worker-Main-3/INFO]: Preparing spawn area: 9%
[03:38:47] [Worker-Main-3/INFO]: Preparing spawn area: 10%
[03:38:48] [Worker-Main-3/INFO]: Preparing spawn area: 12%
[03:38:48] [Worker-Main-2/INFO]: Preparing spawn area: 13%
[03:38:49] [Worker-Main-1/INFO]: Preparing spawn area: 15%
[03:38:49] [Worker-Main-1/INFO]: Preparing spawn area: 16%
[03:38:50] [Worker-Main-2/INFO]: Preparing spawn area: 18%
[03:38:50] [Worker-Main-2/INFO]: Preparing spawn area: 21%
[03:38:51] [Worker-Main-3/INFO]: Preparing spawn area: 23%
[03:38:51] [Worker-Main-1/INFO]: Preparing spawn area: 24%
[03:38:52] [Worker-Main-1/INFO]: Preparing spawn area: 27%
[03:38:52] [Worker-Main-2/INFO]: Preparing spawn area: 31%
[03:38:53] [Worker-Main-3/INFO]: Preparing spawn area: 32%
[03:38:53] [Worker-Main-3/INFO]: Preparing spawn area: 36%
[03:38:54] [Worker-Main-2/INFO]: Preparing spawn area: 38%
[03:38:54] [Worker-Main-3/INFO]: Preparing spawn area: 41%
[03:38:55] [Worker-Main-2/INFO]: Preparing spawn area: 43%
[03:38:55] [Worker-Main-2/INFO]: Preparing spawn area: 44%
[03:38:56] [Worker-Main-1/INFO]: Preparing spawn area: 47%
[03:38:56] [Worker-Main-2/INFO]: Preparing spawn area: 49%
[03:38:57] [Worker-Main-3/INFO]: Preparing spawn area: 52%
[03:38:57] [Worker-Main-3/INFO]: Preparing spawn area: 54%
[03:38:58] [Worker-Main-3/INFO]: Preparing spawn area: 57%
[03:38:58] [Worker-Main-3/INFO]: Preparing spawn area: 59%
[03:38:59] [Worker-Main-1/INFO]: Preparing spawn area: 62%
[03:38:59] [Worker-Main-1/INFO]: Preparing spawn area: 65%
[03:39:00] [Worker-Main-3/INFO]: Preparing spawn area: 68%
[03:39:00] [Worker-Main-1/INFO]: Preparing spawn area: 70%
[03:39:01] [Worker-Main-3/INFO]: Preparing spawn area: 73%
[03:39:01] [Worker-Main-3/INFO]: Preparing spawn area: 76%
[03:39:02] [Worker-Main-1/INFO]: Preparing spawn area: 79%
[03:39:02] [Worker-Main-3/INFO]: Preparing spawn area: 82%
[03:39:03] [Worker-Main-1/INFO]: Preparing spawn area: 84%
[03:39:03] [Worker-Main-2/INFO]: Preparing spawn area: 88%
[03:39:04] [Worker-Main-2/INFO]: Preparing spawn area: 91%
[03:39:04] [Worker-Main-2/INFO]: Preparing spawn area: 94%
[03:39:05] [Worker-Main-2/INFO]: Preparing spawn area: 97%
[03:39:05] [Server thread/INFO]: Time elapsed: 24814 ms
[03:39:05] [Server thread/INFO]: Done (30.798s)! For help, type "help"
[03:43:12] [Server thread/INFO]: Unknown or incomplete command, see below for error
[03:43:12] [Server thread/INFO]: HELP<--[HERE]
[03:43:15] [Server thread/INFO]: /advancement (grant|revoke)
[03:43:15] [Server thread/INFO]: /attribute <target> <attribute> (get|base|modifier)
[03:43:15] [Server thread/INFO]: /execute (run|if|unless|as|at|store|positioned|rotated|facing|align|anchored|in|summon|on)
[03:43:15] [Server thread/INFO]: /bossbar (add|remove|list|set|get)
[03:43:15] [Server thread/INFO]: /clear [<targets>]
[03:43:15] [Server thread/INFO]: /clone (<begin>|from)
[03:43:15] [Server thread/INFO]: /damage <target> <amount> [<damageType>]
[03:43:15] [Server thread/INFO]: /data (merge|get|remove|modify)
[03:43:15] [Server thread/INFO]: /datapack (enable|disable|list)
[03:43:15] [Server thread/INFO]: /debug (start|stop|function)
[03:43:15] [Server thread/INFO]: /defaultgamemode <gamemode>
[03:43:15] [Server thread/INFO]: /difficulty [peaceful|easy|normal|hard]
[03:43:15] [Server thread/INFO]: /effect (clear|give)
[03:43:15] [Server thread/INFO]: /me <action>
[03:43:15] [Server thread/INFO]: /enchant <targets> <enchantment> [<level>]
[03:43:15] [Server thread/INFO]: /experience (add|set|query)
[03:43:15] [Server thread/INFO]: /xp -> experience
[03:43:15] [Server thread/INFO]: /fill <from> <to> <block> [replace|keep|outline|hollow|destroy]
[03:43:15] [Server thread/INFO]: /fillbiome <from> <to> <biome> [replace]
[03:43:15] [Server thread/INFO]: /forceload (add|remove|query)
[03:43:15] [Server thread/INFO]: /function <name>
[03:43:15] [Server thread/INFO]: /gamemode <gamemode> [<target>]
[03:43:15] [Server thread/INFO]: /gamerule (announceAdvancements|blockExplosionDropDecay|commandBlockOutput|commandModificationBlockLimit|disableElytraMovementCheck|disableRaids|doDaylightCycle|doEntityDrops|doFireTick|doImmediateRespawn|doInsomnia|doLimitedCrafting|doMobLoot|doMobSpawning|doPatrolSpawning|doTileDrops|doTraderSpawning|doVinesSpread|doWardenSpawning|doWeatherCycle|drowningDamage|fallDamage|fireDamage|forgiveDeadPlayers|freezeDamage|globalSoundEvents|keepInventory|lavaSourceConversion|logAdminCommands|maxCommandChainLength|maxEntityCramming|mobExplosionDropDecay|mobGriefing|naturalRegeneration|playersSleepingPercentage|randomTickSpeed|reducedDebugInfo|sendCommandFeedback|showDeathMessages|snowAccumulationHeight|spawnRadius|spectatorsGenerateChunks|tntExplosionDropDecay|universalAnger|waterSourceConversion)
[03:43:15] [Server thread/INFO]: /give <targets> <item> [<count>]
[03:43:15] [Server thread/INFO]: /help [<command>]
[03:43:15] [Server thread/INFO]: /item (replace|modify)
[03:43:15] [Server thread/INFO]: /kick <targets> [<reason>]
[03:43:15] [Server thread/INFO]: /kill [<targets>]
[03:43:15] [Server thread/INFO]: /list [uuids]
[03:43:15] [Server thread/INFO]: /locate (structure|biome|poi)
[03:43:15] [Server thread/INFO]: /loot (replace|insert|give|spawn)
[03:43:15] [Server thread/INFO]: /msg <targets> <message>
[03:43:15] [Server thread/INFO]: /tell -> msg
[03:43:15] [Server thread/INFO]: /w -> msg
[03:43:15] [Server thread/INFO]: /particle <name> [<pos>]
[03:43:15] [Server thread/INFO]: /place (feature|jigsaw|structure|template)
[03:43:15] [Server thread/INFO]: /playsound <sound> (master|music|record|weather|block|hostile|neutral|player|ambient|voice)
[03:43:15] [Server thread/INFO]: /reload
[03:43:15] [Server thread/INFO]: /recipe (give|take)
[03:43:15] [Server thread/INFO]: /return <value>
[03:43:15] [Server thread/INFO]: /ride <target> (mount|dismount)
[03:43:15] [Server thread/INFO]: /say <message>
[03:43:15] [Server thread/INFO]: /schedule (function|clear)
[03:43:15] [Server thread/INFO]: /scoreboard (objectives|players)
[03:43:15] [Server thread/INFO]: /seed
[03:43:15] [Server thread/INFO]: /setblock <pos> <block> [destroy|keep|replace]
[03:43:15] [Server thread/INFO]: /spawnpoint [<targets>]
[03:43:15] [Server thread/INFO]: /setworldspawn [<pos>]
[03:43:15] [Server thread/INFO]: /spectate [<target>]
[03:43:15] [Server thread/INFO]: /spreadplayers <center> <spreadDistance> <maxRange> (<respectTeams>|under)
[03:43:15] [Server thread/INFO]: /stopsound <targets> [*|master|music|record|weather|block|hostile|neutral|player|ambient|voice]
[03:43:15] [Server thread/INFO]: /summon <entity> [<pos>]
[03:43:15] [Server thread/INFO]: /tag <targets> (add|remove|list)
[03:43:15] [Server thread/INFO]: /team (list|add|remove|empty|join|leave|modify)
[03:43:15] [Server thread/INFO]: /teammsg <message>
[03:43:15] [Server thread/INFO]: /tm -> teammsg
[03:43:15] [Server thread/INFO]: /teleport (<location>|<destination>|<targets>)
[03:43:15] [Server thread/INFO]: /tp -> teleport
[03:43:15] [Server thread/INFO]: /tellraw <targets> <message>
[03:43:15] [Server thread/INFO]: /time (set|add|query)
[03:43:15] [Server thread/INFO]: /title <targets> (clear|reset|title|subtitle|actionbar|times)
[03:43:15] [Server thread/INFO]: /trigger <objective> [add|set]
[03:43:15] [Server thread/INFO]: /weather (clear|rain|thunder)
[03:43:15] [Server thread/INFO]: /worldborder (add|set|center|damage|get|warning)
[03:43:15] [Server thread/INFO]: /jfr (start|stop)
[03:43:15] [Server thread/INFO]: /ban-ip <target> [<reason>]
[03:43:15] [Server thread/INFO]: /banlist [ips|players]
[03:43:15] [Server thread/INFO]: /ban <targets> [<reason>]
[03:43:15] [Server thread/INFO]: /deop <targets>
[03:43:15] [Server thread/INFO]: /op <targets>
[03:43:15] [Server thread/INFO]: /pardon <targets>
[03:43:15] [Server thread/INFO]: /pardon-ip <target>
[03:43:15] [Server thread/INFO]: /perf (start|stop)
[03:43:15] [Server thread/INFO]: /save-all [flush]
[03:43:15] [Server thread/INFO]: /save-off
[03:43:15] [Server thread/INFO]: /save-on
[03:43:15] [Server thread/INFO]: /setidletimeout <minutes>
[03:43:15] [Server thread/INFO]: /stop
[03:43:15] [Server thread/INFO]: /whitelist (on|off|list|add|remove|reload)
[03:43:36] [Server thread/INFO]: Stopping the server
[03:43:36] [Server thread/INFO]: Stopping server
[03:43:36] [Server thread/INFO]: Saving players
[03:43:36] [Server thread/INFO]: Saving worlds
[03:43:37] [Server thread/INFO]: Saving chunks for level 'ServerLevel[world]'/minecraft:overworld
[03:43:39] [Server thread/INFO]: Saving chunks for level 'ServerLevel[world]'/minecraft:the_end
[03:43:39] [Server thread/INFO]: Saving chunks for level 'ServerLevel[world]'/minecraft:the_nether
[03:43:39] [Server thread/INFO]: ThreadedAnvilChunkStorage (world): All chunks are saved
[03:43:39] [Server thread/INFO]: ThreadedAnvilChunkStorage (DIM1): All chunks are saved
[03:43:39] [Server thread/INFO]: ThreadedAnvilChunkStorage (DIM-1): All chunks are saved
[03:43:39] [Server thread/INFO]: ThreadedAnvilChunkStorage: All dimensions are saved
